06-11-2025 11:06:03.797 [main] INFO  com.tnh.kiosk.KioskApplication.logStarting - Starting KioskApplication using Java 21.0.8 with PID 23116 (D:\Work\17.SchoolCamera\api\kiosk_ytgd\target\classes started by tainv in D:\Work\17.SchoolCamera\api\kiosk_ytgd)
06-11-2025 11:06:03.802 [main] INFO  com.tnh.kiosk.KioskApplication.logStartupProfileInfo - The following 4 profiles are active: "kiosk", "qrinfo", "payment", "dev"
06-11-2025 11:06:06.768 [main] INFO  o.s.b.w.e.tomcat.TomcatWebServer.initialize - Tomcat initialized with port 8889 (http)
06-11-2025 11:06:06.792 [main] INFO  o.a.catalina.core.StandardService.log - Starting service [Tomcat]
06-11-2025 11:06:06.792 [main] INFO  o.a.catalina.core.StandardEngine.log - Starting Servlet engine: [Apache Tomcat/10.1.16]
06-11-2025 11:06:06.863 [main] INFO  o.a.c.c.C.[Tomcat].[localhost].[/].log - Initializing Spring embedded WebApplicationContext
06-11-2025 11:06:06.864 [main] INFO  o.s.b.w.s.c.ServletWebServerApplicationContext.prepareWebApplicationContext - Root WebApplicationContext: initialization completed in 2976 ms
06-11-2025 11:06:07.287 [main] DEBUG o.s.jdbc.datasource.DataSourceUtils.doGetConnection - Fetching JDBC Connection from DataSource
06-11-2025 11:06:07.288 [main] INFO  com.zaxxer.hikari.HikariDataSource.getConnection - HikariPool-1 - Starting...
06-11-2025 11:06:07.680 [main] INFO  com.zaxxer.hikari.pool.HikariPool.checkFailFast - HikariPool-1 - Added connection ConnectionID:1 ClientConnectionId: 2763a0d0-74ac-4988-a339-57d548d84041
06-11-2025 11:06:07.682 [main] INFO  com.zaxxer.hikari.HikariDataSource.getConnection - HikariPool-1 - Start completed.
06-11-2025 11:06:09.079 [main] WARN  o.s.b.a.o.j.JpaBaseConfiguration$JpaWebConfiguration.openEntityManagerInViewInterceptor - spring.jpa.open-in-view is enabled by default. Therefore, database queries may be performed during view rendering. Explicitly configure spring.jpa.open-in-view to disable this warning
06-11-2025 11:06:09.180 [main] WARN  o.s.b.a.s.s.UserDetailsServiceAutoConfiguration.getOrDeducePassword - 

Using generated security password: d7fe798e-a060-4c4c-8db4-29aa696081dd

This generated password is for development use only. Your security configuration must be updated before running your application in production.

06-11-2025 11:06:09.528 [main] INFO  o.s.s.web.DefaultSecurityFilterChain.<init> - Will secure any request with [org.springframework.security.web.session.DisableEncodeUrlFilter@544300a6, org.springframework.security.web.context.request.async.WebAsyncManagerIntegrationFilter@4c12f54a, org.springframework.security.web.context.SecurityContextHolderFilter@644f6e89, org.springframework.security.web.header.HeaderWriterFilter@3e4636c3, org.springframework.web.filter.CorsFilter@334d825c, org.springframework.security.web.authentication.logout.LogoutFilter@237c8718, com.tnh.kiosk.security.JwtAuthFilter@7ac48e10, org.springframework.security.web.savedrequest.RequestCacheAwareFilter@60e5eed0, org.springframework.security.web.servletapi.SecurityContextHolderAwareRequestFilter@680937c9, org.springframework.security.web.authentication.AnonymousAuthenticationFilter@42a7e7e1, org.springframework.security.web.session.SessionManagementFilter@758311ed, org.springframework.security.web.access.ExceptionTranslationFilter@7ffc4195, org.springframework.security.web.access.intercept.AuthorizationFilter@417b3642]
06-11-2025 11:06:09.872 [main] INFO  o.s.b.w.e.tomcat.TomcatWebServer.start - Tomcat started on port 8889 (http) with context path ''
06-11-2025 11:06:09.884 [main] INFO  com.tnh.kiosk.KioskApplication.logStarted - Started KioskApplication in 7.056 seconds (process running for 8.239)
06-11-2025 11:06:09.889 [main] INFO  com.tnh.kiosk.KioskApplication.logApplicationStartup - ----------------------------------------------------------
	Application 'tnh-kios-api' is running! Access URLs:
	Local: 	http://localhost:8889/
	External: 	http://localhost:8889/
	Profile(s): 	[kiosk, qrinfo, payment, dev]
	Startup time: 4ms
	JVM Version: 21.0.8
----------------------------------------------------------
06-11-2025 11:06:35.385 [http-nio-127.0.0.1-8889-exec-1] INFO  o.a.c.c.C.[Tomcat].[localhost].[/].log - Initializing Spring DispatcherServlet 'dispatcherServlet'
06-11-2025 11:06:35.386 [http-nio-127.0.0.1-8889-exec-1] INFO  o.s.web.servlet.DispatcherServlet.initServletBean - Initializing Servlet 'dispatcherServlet'
06-11-2025 11:06:35.388 [http-nio-127.0.0.1-8889-exec-1] INFO  o.s.web.servlet.DispatcherServlet.initServletBean - Completed initialization in 2 ms
06-11-2025 11:06:35.401 [http-nio-127.0.0.1-8889-exec-1] WARN  o.s.w.s.h.HandlerMappingIntrospector.logCacheMiss - Cache miss for REQUEST dispatch to '/api/v1/authen/login' (previous null). Performing CorsConfiguration lookup. This is logged once only at WARN level, and every time at TRACE.
06-11-2025 11:06:35.413 [http-nio-127.0.0.1-8889-exec-1] WARN  o.s.w.s.h.HandlerMappingIntrospector.logCacheMiss - Cache miss for REQUEST dispatch to '/api/v1/authen/login' (previous null). Performing MatchableHandlerMapping lookup. This is logged once only at WARN level, and every time at TRACE.
06-11-2025 11:07:27.221 [http-nio-127.0.0.1-8889-exec-3] INFO  com.tnh.kiosk.services.KioskService.executeProcedure - Executing stored procedure with key: generator and params: {danTocId=25, denNgayTheBhyt=2025-12-31, diaChi=Ấp Đá Hàng, Xã Phước Thạnh, Tỉnh Tây Ninh, diaChiTheBhyt=HTVC Đá Hàng, Xã Hiệp Thạnh, Huyện Gò Dầu, Tỉnh Tây Ninh, dichVuId=37275, doiTuong=2, gioiTinh=1, hinhThucChuyenTuyen=, khuVucId=1, KhuVucSongBhyt=1, loaiDungTuyen=, lyDoChuyenTuyen=, lyDoVaoVien=Đau xương khớp, maNb=, maNoiDKBD=72003, maTheBhyt=HT3727222052296, nbDichVu=true, ngayBhytNamNam=, ngayCapCccd=2021-04-25, ngayChuyenTuyen=, ngaySinh=1958-03-04, ngheNghiepId=197, noiCapCccd=Cục Cảnh sát Quản lý hành chính về trật tự xã hội, noiChuyen=, phongId=135, quanHuyenId=, soCanCuoc=072058001311, soChuyenTuyen=, soDienThoai=0907586797, tenICDChanDoanTuyenDuoi=, tenNb=Võ Văn Dũng, tinhThanhPhoId=80, tuNgayTheBhyt=2024-01-01, tuyen=1, uuTien=false, xaPhuongId=25663}
06-11-2025 11:12:31.504 [http-nio-127.0.0.1-8889-exec-5] INFO  com.tnh.kiosk.services.KioskService.executeProcedure - Executing stored procedure with key: generator and params: {danTocId=25, denNgayTheBhyt=2025-12-31, diaChi=Ấp Đá Hàng, Xã Phước Thạnh, Tỉnh Tây Ninh, diaChiTheBhyt=HTVC Đá Hàng, Xã Hiệp Thạnh, Huyện Gò Dầu, Tỉnh Tây Ninh, dichVuId=37275, doiTuong=2, gioiTinh=1, hinhThucChuyenTuyen=, khuVucId=1, KhuVucSongBhyt=1, loaiDungTuyen=, lyDoChuyenTuyen=, lyDoVaoVien=Đau xương khớp, maNb=, maNoiDKBD=72003, maTheBhyt=HT3727222052296, nbDichVu=true, ngayBhytNamNam=, ngayCapCccd=2021-04-25, ngayChuyenTuyen=, ngaySinh=1958-03-04, ngheNghiepId=197, noiCapCccd=Cục Cảnh sát Quản lý hành chính về trật tự xã hội, noiChuyen=, phongId=135, quanHuyenId=, soCanCuoc=072058001311, soChuyenTuyen=, soDienThoai=0907586797, tenICDChanDoanTuyenDuoi=, tenNb=Võ Văn Dũng, tinhThanhPhoId=80, tuNgayTheBhyt=2024-01-01, tuyen=1, uuTien=false, xaPhuongId=25663}
06-11-2025 11:13:57.176 [http-nio-127.0.0.1-8889-exec-6] INFO  com.tnh.kiosk.services.KioskService.executeProcedure - Executing stored procedure with key: generator and params: {danTocId=25, denNgayTheBhyt=2025-12-31, diaChi=Ấp Đá Hàng, Xã Phước Thạnh, Tỉnh Tây Ninh, diaChiTheBhyt=HTVC Đá Hàng, Xã Hiệp Thạnh, Huyện Gò Dầu, Tỉnh Tây Ninh, dichVuId=37275, doiTuong=2, gioiTinh=1, hinhThucChuyenTuyen=, khuVucId=1, KhuVucSongBhyt=1, loaiDungTuyen=, lyDoChuyenTuyen=, lyDoVaoVien=Đau xương khớp, maNb=, maNoiDKBD=72003, maTheBhyt=HT3727222052296, nbDichVu=true, ngayBhytNamNam=, ngayCapCccd=2021-04-25, ngayChuyenTuyen=, ngaySinh=1958-03-04, ngheNghiepId=197, noiCapCccd=Cục Cảnh sát Quản lý hành chính về trật tự xã hội, noiChuyen=, phongId=135, quanHuyenId=, soCanCuoc=072058001311, soChuyenTuyen=, soDienThoai=0907586797, tenICDChanDoanTuyenDuoi=, tenNb=Võ Văn Dũng, tinhThanhPhoId=80, tuNgayTheBhyt=2024-01-01, tuyen=1, uuTien=false, xaPhuongId=25663}
06-11-2025 11:17:57.991 [main] INFO  com.tnh.kiosk.KioskApplication.logStarting - Starting KioskApplication using Java 21.0.8 with PID 16012 (D:\Work\17.SchoolCamera\api\kiosk_ytgd\target\classes started by tainv in D:\Work\17.SchoolCamera\api\kiosk_ytgd)
06-11-2025 11:17:57.993 [main] INFO  com.tnh.kiosk.KioskApplication.logStartupProfileInfo - The following 4 profiles are active: "kiosk", "qrinfo", "payment", "dev"
06-11-2025 11:17:59.394 [main] INFO  o.s.b.w.e.tomcat.TomcatWebServer.initialize - Tomcat initialized with port 8889 (http)
06-11-2025 11:17:59.404 [main] INFO  o.a.catalina.core.StandardService.log - Starting service [Tomcat]
06-11-2025 11:17:59.405 [main] INFO  o.a.catalina.core.StandardEngine.log - Starting Servlet engine: [Apache Tomcat/10.1.16]
06-11-2025 11:17:59.472 [main] INFO  o.a.c.c.C.[Tomcat].[localhost].[/].log - Initializing Spring embedded WebApplicationContext
06-11-2025 11:17:59.473 [main] INFO  o.s.b.w.s.c.ServletWebServerApplicationContext.prepareWebApplicationContext - Root WebApplicationContext: initialization completed in 1436 ms
06-11-2025 11:17:59.736 [main] DEBUG o.s.jdbc.datasource.DataSourceUtils.doGetConnection - Fetching JDBC Connection from DataSource
06-11-2025 11:17:59.737 [main] INFO  com.zaxxer.hikari.HikariDataSource.getConnection - HikariPool-1 - Starting...
06-11-2025 11:18:00.112 [main] INFO  com.zaxxer.hikari.pool.HikariPool.checkFailFast - HikariPool-1 - Added connection ConnectionID:1 ClientConnectionId: 9829bbde-4042-4347-8026-2a6ed9b07adc
06-11-2025 11:18:00.115 [main] INFO  com.zaxxer.hikari.HikariDataSource.getConnection - HikariPool-1 - Start completed.
06-11-2025 11:18:01.010 [main] WARN  o.s.b.a.o.j.JpaBaseConfiguration$JpaWebConfiguration.openEntityManagerInViewInterceptor - spring.jpa.open-in-view is enabled by default. Therefore, database queries may be performed during view rendering. Explicitly configure spring.jpa.open-in-view to disable this warning
06-11-2025 11:18:01.080 [main] WARN  o.s.b.a.s.s.UserDetailsServiceAutoConfiguration.getOrDeducePassword - 

Using generated security password: ef6ae530-f603-48b8-9029-5cd372533172

This generated password is for development use only. Your security configuration must be updated before running your application in production.

06-11-2025 11:18:01.322 [main] INFO  o.s.s.web.DefaultSecurityFilterChain.<init> - Will secure any request with [org.springframework.security.web.session.DisableEncodeUrlFilter@7a7f2247, org.springframework.security.web.context.request.async.WebAsyncManagerIntegrationFilter@4946dfde, org.springframework.security.web.context.SecurityContextHolderFilter@15a0f9, org.springframework.security.web.header.HeaderWriterFilter@2d33795c, org.springframework.web.filter.CorsFilter@77972964, org.springframework.security.web.authentication.logout.LogoutFilter@6bd28e4a, com.tnh.kiosk.security.JwtAuthFilter@342ee097, org.springframework.security.web.savedrequest.RequestCacheAwareFilter@7cc3a7f7, org.springframework.security.web.servletapi.SecurityContextHolderAwareRequestFilter@210e2f2f, org.springframework.security.web.authentication.AnonymousAuthenticationFilter@794f937a, org.springframework.security.web.session.SessionManagementFilter@5693d1d2, org.springframework.security.web.access.ExceptionTranslationFilter@4a0c04ab, org.springframework.security.web.access.intercept.AuthorizationFilter@4bcf08ae]
06-11-2025 11:18:01.613 [main] INFO  o.s.b.w.e.tomcat.TomcatWebServer.start - Tomcat started on port 8889 (http) with context path ''
06-11-2025 11:18:01.621 [main] INFO  com.tnh.kiosk.KioskApplication.logStarted - Started KioskApplication in 4.185 seconds (process running for 4.695)
06-11-2025 11:18:01.625 [main] INFO  com.tnh.kiosk.KioskApplication.logApplicationStartup - ----------------------------------------------------------
	Application 'tnh-kios-api' is running! Access URLs:
	Local: 	http://localhost:8889/
	External: 	http://localhost:8889/
	Profile(s): 	[kiosk, qrinfo, payment, dev]
	Startup time: 3ms
	JVM Version: 21.0.8
----------------------------------------------------------
06-11-2025 11:18:05.914 [http-nio-127.0.0.1-8889-exec-1] INFO  o.a.c.c.C.[Tomcat].[localhost].[/].log - Initializing Spring DispatcherServlet 'dispatcherServlet'
06-11-2025 11:18:05.915 [http-nio-127.0.0.1-8889-exec-1] INFO  o.s.web.servlet.DispatcherServlet.initServletBean - Initializing Servlet 'dispatcherServlet'
06-11-2025 11:18:05.916 [http-nio-127.0.0.1-8889-exec-1] INFO  o.s.web.servlet.DispatcherServlet.initServletBean - Completed initialization in 1 ms
06-11-2025 11:18:05.927 [http-nio-127.0.0.1-8889-exec-1] WARN  o.s.w.s.h.HandlerMappingIntrospector.logCacheMiss - Cache miss for REQUEST dispatch to '/api/v1/his/generator' (previous null). Performing CorsConfiguration lookup. This is logged once only at WARN level, and every time at TRACE.
06-11-2025 11:18:05.975 [http-nio-127.0.0.1-8889-exec-1] WARN  o.s.w.s.h.HandlerMappingIntrospector.logCacheMiss - Cache miss for REQUEST dispatch to '/api/v1/his/generator' (previous null). Performing MatchableHandlerMapping lookup. This is logged once only at WARN level, and every time at TRACE.
06-11-2025 11:18:06.034 [http-nio-127.0.0.1-8889-exec-1] INFO  com.tnh.kiosk.services.KioskService.executeProcedure - Executing stored procedure with key: generator and params: {danTocId=25, denNgayTheBhyt=2025-12-31, diaChi=Ấp Đá Hàng, Xã Phước Thạnh, Tỉnh Tây Ninh, diaChiTheBhyt=HTVC Đá Hàng, Xã Hiệp Thạnh, Huyện Gò Dầu, Tỉnh Tây Ninh, dichVuId=37275, doiTuong=2, gioiTinh=1, hinhThucChuyenTuyen=, khuVucId=1, KhuVucSongBhyt=1, loaiDungTuyen=, lyDoChuyenTuyen=, lyDoVaoVien=Đau xương khớp, maNb=, maNoiDKBD=72003, maTheBhyt=HT3727222052296, nbDichVu=true, ngayBhytNamNam=, ngayCapCccd=2021-04-25, ngayChuyenTuyen=, ngaySinh=1958-03-04, ngheNghiepId=197, noiCapCccd=Cục Cảnh sát Quản lý hành chính về trật tự xã hội, noiChuyen=, phongId=135, quanHuyenId=, soCanCuoc=072058001311, soChuyenTuyen=, soDienThoai=0907586797, tenICDChanDoanTuyenDuoi=, tenNb=Võ Văn Dũng, tinhThanhPhoId=80, tuNgayTheBhyt=2024-01-01, tuyen=1, uuTien=false, xaPhuongId=25663}
06-11-2025 11:18:45.757 [SpringApplicationShutdownHook] INFO  com.zaxxer.hikari.HikariDataSource.close - HikariPool-1 - Shutdown initiated...
06-11-2025 11:18:45.762 [SpringApplicationShutdownHook] INFO  com.zaxxer.hikari.HikariDataSource.close - HikariPool-1 - Shutdown completed.
