19-01-2026 14:36:31.518 [main] INFO  com.tnh.kiosk.KioskApplication.logStarting - Starting KioskApplication using Java 21.0.7 with PID 4476 (D:\Work\17.SchoolCamera\api\kiosk_ytgd\target\classes started by USER in D:\Work\17.SchoolCamera\api\kiosk_ytgd)
19-01-2026 14:36:31.521 [main] INFO  com.tnh.kiosk.KioskApplication.logStartupProfileInfo - The following 4 profiles are active: "kiosk", "qrinfo", "payment", "dev"
19-01-2026 14:36:32.494 [main] INFO  o.s.b.w.e.tomcat.TomcatWebServer.initialize - Tomcat initialized with port 8889 (http)
19-01-2026 14:36:32.501 [main] INFO  o.a.catalina.core.StandardService.log - Starting service [Tomcat]
19-01-2026 14:36:32.502 [main] INFO  o.a.catalina.core.StandardEngine.log - Starting Servlet engine: [Apache Tomcat/10.1.16]
19-01-2026 14:36:32.551 [main] INFO  o.a.c.c.C.[Tomcat].[localhost].[/].log - Initializing Spring embedded WebApplicationContext
19-01-2026 14:36:32.552 [main] INFO  o.s.b.w.s.c.ServletWebServerApplicationContext.prepareWebApplicationContext - Root WebApplicationContext: initialization completed in 996 ms
19-01-2026 14:36:32.749 [main] DEBUG o.s.jdbc.datasource.DataSourceUtils.doGetConnection - Fetching JDBC Connection from DataSource
19-01-2026 14:36:32.750 [main] INFO  com.zaxxer.hikari.HikariDataSource.getConnection - HikariPool-1 - Starting...
19-01-2026 14:36:33.009 [main] INFO  com.zaxxer.hikari.pool.HikariPool.checkFailFast - HikariPool-1 - Added connection ConnectionID:1 ClientConnectionId: 43dcd73a-8352-414f-8860-2bf26e46745e
19-01-2026 14:36:33.011 [main] INFO  com.zaxxer.hikari.HikariDataSource.getConnection - HikariPool-1 - Start completed.
19-01-2026 14:36:33.728 [main] WARN  o.s.b.a.o.j.JpaBaseConfiguration$JpaWebConfiguration.openEntityManagerInViewInterceptor - spring.jpa.open-in-view is enabled by default. Therefore, database queries may be performed during view rendering. Explicitly configure spring.jpa.open-in-view to disable this warning
19-01-2026 14:36:33.780 [main] WARN  o.s.b.a.s.s.UserDetailsServiceAutoConfiguration.getOrDeducePassword - 

Using generated security password: 0e9e91aa-899e-4bc6-b239-5450aa9cc391

This generated password is for development use only. Your security configuration must be updated before running your application in production.

19-01-2026 14:36:33.972 [main] INFO  o.s.s.web.DefaultSecurityFilterChain.<init> - Will secure any request with [org.springframework.security.web.session.DisableEncodeUrlFilter@530df3ab, org.springframework.security.web.context.request.async.WebAsyncManagerIntegrationFilter@5e72c82a, org.springframework.security.web.context.SecurityContextHolderFilter@478fe415, org.springframework.security.web.header.HeaderWriterFilter@7512a9a6, org.springframework.web.filter.CorsFilter@aaa7000, org.springframework.security.web.authentication.logout.LogoutFilter@7d563c13, com.tnh.kiosk.security.JwtAuthFilter@42ef042a, org.springframework.security.web.savedrequest.RequestCacheAwareFilter@31028e45, org.springframework.security.web.servletapi.SecurityContextHolderAwareRequestFilter@68f75a35, org.springframework.security.web.authentication.AnonymousAuthenticationFilter@64fba3e6, org.springframework.security.web.session.SessionManagementFilter@5b80b41d, org.springframework.security.web.access.ExceptionTranslationFilter@37cc6017, org.springframework.security.web.access.intercept.AuthorizationFilter@57ab4b33]
19-01-2026 14:36:34.219 [main] INFO  o.s.b.w.e.tomcat.TomcatWebServer.start - Tomcat started on port 8889 (http) with context path ''
19-01-2026 14:36:34.224 [main] INFO  com.tnh.kiosk.KioskApplication.logStarted - Started KioskApplication in 3.166 seconds (process running for 3.446)
19-01-2026 14:36:34.226 [main] INFO  com.tnh.kiosk.KioskApplication.logApplicationStartup - ----------------------------------------------------------
	Application 'tnh-kios-api' is running! Access URLs:
	Local: 	http://localhost:8889/
	External: 	http://localhost:8889/
	Profile(s): 	[kiosk, qrinfo, payment, dev]
	Startup time: 0ms
	JVM Version: 21.0.7
----------------------------------------------------------
19-01-2026 14:36:47.848 [SpringApplicationShutdownHook] INFO  com.zaxxer.hikari.HikariDataSource.close - HikariPool-1 - Shutdown initiated...
19-01-2026 14:36:47.852 [SpringApplicationShutdownHook] INFO  com.zaxxer.hikari.HikariDataSource.close - HikariPool-1 - Shutdown completed.
