04-11-2025 15:35:53.144 [main] INFO  com.tnh.kiosk.KioskApplication.logStarting - Starting KioskApplication using Java 21.0.8 with PID 11000 (D:\Work\17.SchoolCamera\api\kiosk_ytgd\target\classes started by tainv in D:\Work\17.SchoolCamera\api\kiosk_ytgd)
04-11-2025 15:35:53.148 [main] INFO  com.tnh.kiosk.KioskApplication.logStartupProfileInfo - The following 4 profiles are active: "kiosk", "qrinfo", "payment", "dev"
04-11-2025 15:35:54.895 [main] INFO  o.s.b.w.e.tomcat.TomcatWebServer.initialize - Tomcat initialized with port 8889 (http)
04-11-2025 15:35:54.909 [main] INFO  o.a.catalina.core.StandardService.log - Starting service [Tomcat]
04-11-2025 15:35:54.910 [main] INFO  o.a.catalina.core.StandardEngine.log - Starting Servlet engine: [Apache Tomcat/10.1.16]
04-11-2025 15:35:54.984 [main] INFO  o.a.c.c.C.[Tomcat].[localhost].[/].log - Initializing Spring embedded WebApplicationContext
04-11-2025 15:35:54.985 [main] INFO  o.s.b.w.s.c.ServletWebServerApplicationContext.prepareWebApplicationContext - Root WebApplicationContext: initialization completed in 1799 ms
04-11-2025 15:35:55.296 [main] DEBUG o.s.jdbc.datasource.DataSourceUtils.doGetConnection - Fetching JDBC Connection from DataSource
04-11-2025 15:35:55.297 [main] INFO  com.zaxxer.hikari.HikariDataSource.getConnection - HikariPool-1 - Starting...
04-11-2025 15:35:55.553 [main] INFO  com.zaxxer.hikari.pool.HikariPool.checkFailFast - HikariPool-1 - Added connection ConnectionID:1 ClientConnectionId: 24810c4e-ddeb-4ac7-887e-a60fa07ea797
04-11-2025 15:35:55.554 [main] INFO  com.zaxxer.hikari.HikariDataSource.getConnection - HikariPool-1 - Start completed.
04-11-2025 15:35:56.866 [main] WARN  o.s.b.a.o.j.JpaBaseConfiguration$JpaWebConfiguration.openEntityManagerInViewInterceptor - spring.jpa.open-in-view is enabled by default. Therefore, database queries may be performed during view rendering. Explicitly configure spring.jpa.open-in-view to disable this warning
04-11-2025 15:35:56.958 [main] WARN  o.s.b.a.s.s.UserDetailsServiceAutoConfiguration.getOrDeducePassword - 

Using generated security password: e7e05e44-5f11-46c2-ae3b-d02815b9a37b

This generated password is for development use only. Your security configuration must be updated before running your application in production.

04-11-2025 15:35:57.326 [main] INFO  o.s.s.web.DefaultSecurityFilterChain.<init> - Will secure any request with [org.springframework.security.web.session.DisableEncodeUrlFilter@102c24d1, org.springframework.security.web.context.request.async.WebAsyncManagerIntegrationFilter@495f7ca4, org.springframework.security.web.context.SecurityContextHolderFilter@45017263, org.springframework.security.web.header.HeaderWriterFilter@169d1f92, org.springframework.web.filter.CorsFilter@700202fa, org.springframework.security.web.authentication.logout.LogoutFilter@52dd1be2, com.tnh.kiosk.security.JwtAuthFilter@19dc0d32, org.springframework.security.web.savedrequest.RequestCacheAwareFilter@32a074ed, org.springframework.security.web.servletapi.SecurityContextHolderAwareRequestFilter@673605ef, org.springframework.security.web.authentication.AnonymousAuthenticationFilter@141234df, org.springframework.security.web.session.SessionManagementFilter@31028e45, org.springframework.security.web.access.ExceptionTranslationFilter@b5d7233, org.springframework.security.web.access.intercept.AuthorizationFilter@aaa7000]
04-11-2025 15:35:57.842 [main] INFO  o.s.b.w.e.tomcat.TomcatWebServer.start - Tomcat started on port 8889 (http) with context path ''
04-11-2025 15:35:57.849 [main] INFO  com.tnh.kiosk.KioskApplication.logStarted - Started KioskApplication in 5.44 seconds (process running for 5.933)
04-11-2025 15:35:57.851 [main] INFO  com.tnh.kiosk.KioskApplication.logApplicationStartup - ----------------------------------------------------------
	Application 'tnh-kios-api' is running! Access URLs:
	Local: 	http://localhost:8889/
	External: 	http://localhost:8889/
	Profile(s): 	[kiosk, qrinfo, payment, dev]
	Startup time: 2ms
	JVM Version: 21.0.8
----------------------------------------------------------
04-11-2025 15:36:59.090 [http-nio-127.0.0.1-8889-exec-1] INFO  o.a.c.c.C.[Tomcat].[localhost].[/].log - Initializing Spring DispatcherServlet 'dispatcherServlet'
04-11-2025 15:36:59.091 [http-nio-127.0.0.1-8889-exec-1] INFO  o.s.web.servlet.DispatcherServlet.initServletBean - Initializing Servlet 'dispatcherServlet'
04-11-2025 15:36:59.092 [http-nio-127.0.0.1-8889-exec-1] INFO  o.s.web.servlet.DispatcherServlet.initServletBean - Completed initialization in 1 ms
04-11-2025 15:36:59.100 [http-nio-127.0.0.1-8889-exec-1] WARN  o.s.w.s.h.HandlerMappingIntrospector.logCacheMiss - Cache miss for REQUEST dispatch to '/api/v1/authen/login' (previous null). Performing CorsConfiguration lookup. This is logged once only at WARN level, and every time at TRACE.
04-11-2025 15:36:59.111 [http-nio-127.0.0.1-8889-exec-1] WARN  o.s.w.s.h.HandlerMappingIntrospector.logCacheMiss - Cache miss for REQUEST dispatch to '/api/v1/authen/login' (previous null). Performing MatchableHandlerMapping lookup. This is logged once only at WARN level, and every time at TRACE.
04-11-2025 15:36:59.122 [http-nio-127.0.0.1-8889-exec-1] WARN  o.s.w.s.m.s.DefaultHandlerExceptionResolver.logException - Resolved [org.springframework.web.HttpRequestMethodNotSupportedException: Request method 'GET' is not supported]
04-11-2025 15:38:02.781 [SpringApplicationShutdownHook] INFO  com.zaxxer.hikari.HikariDataSource.close - HikariPool-1 - Shutdown initiated...
04-11-2025 15:38:02.785 [SpringApplicationShutdownHook] INFO  com.zaxxer.hikari.HikariDataSource.close - HikariPool-1 - Shutdown completed.
04-11-2025 15:39:57.412 [main] INFO  com.tnh.kiosk.KioskApplication.logStarting - Starting KioskApplication using Java 21.0.8 with PID 20164 (D:\Work\17.SchoolCamera\api\kiosk_ytgd\target\classes started by tainv in D:\Work\17.SchoolCamera\api\kiosk_ytgd)
04-11-2025 15:39:57.415 [main] INFO  com.tnh.kiosk.KioskApplication.logStartupProfileInfo - The following 4 profiles are active: "kiosk", "qrinfo", "payment", "dev"
04-11-2025 15:39:58.901 [main] INFO  o.s.b.w.e.tomcat.TomcatWebServer.initialize - Tomcat initialized with port 8889 (http)
04-11-2025 15:39:58.911 [main] INFO  o.a.catalina.core.StandardService.log - Starting service [Tomcat]
04-11-2025 15:39:58.912 [main] INFO  o.a.catalina.core.StandardEngine.log - Starting Servlet engine: [Apache Tomcat/10.1.16]
04-11-2025 15:39:58.977 [main] INFO  o.a.c.c.C.[Tomcat].[localhost].[/].log - Initializing Spring embedded WebApplicationContext
04-11-2025 15:39:58.978 [main] INFO  o.s.b.w.s.c.ServletWebServerApplicationContext.prepareWebApplicationContext - Root WebApplicationContext: initialization completed in 1515 ms
04-11-2025 15:39:59.253 [main] DEBUG o.s.jdbc.datasource.DataSourceUtils.doGetConnection - Fetching JDBC Connection from DataSource
04-11-2025 15:39:59.254 [main] INFO  com.zaxxer.hikari.HikariDataSource.getConnection - HikariPool-1 - Starting...
04-11-2025 15:39:59.591 [main] INFO  com.zaxxer.hikari.pool.HikariPool.checkFailFast - HikariPool-1 - Added connection ConnectionID:1 ClientConnectionId: cb9e77cc-84cd-4f38-8884-5dd0da6ae6e0
04-11-2025 15:39:59.593 [main] INFO  com.zaxxer.hikari.HikariDataSource.getConnection - HikariPool-1 - Start completed.
04-11-2025 15:40:00.540 [main] WARN  o.s.b.a.o.j.JpaBaseConfiguration$JpaWebConfiguration.openEntityManagerInViewInterceptor - spring.jpa.open-in-view is enabled by default. Therefore, database queries may be performed during view rendering. Explicitly configure spring.jpa.open-in-view to disable this warning
04-11-2025 15:40:00.605 [main] WARN  o.s.b.a.s.s.UserDetailsServiceAutoConfiguration.getOrDeducePassword - 

Using generated security password: 28776483-4e02-420a-8be3-19ddf590d486

This generated password is for development use only. Your security configuration must be updated before running your application in production.

04-11-2025 15:40:00.835 [main] INFO  o.s.s.web.DefaultSecurityFilterChain.<init> - Will secure any request with [org.springframework.security.web.session.DisableEncodeUrlFilter@626b9092, org.springframework.security.web.context.request.async.WebAsyncManagerIntegrationFilter@1ac2829e, org.springframework.security.web.context.SecurityContextHolderFilter@571c7572, org.springframework.security.web.header.HeaderWriterFilter@4a0c04ab, org.springframework.web.filter.CorsFilter@7a7f2247, org.springframework.security.web.authentication.logout.LogoutFilter@eabecf5, com.tnh.kiosk.security.JwtAuthFilter@6b70d1fb, org.springframework.security.web.savedrequest.RequestCacheAwareFilter@15a0f9, org.springframework.security.web.servletapi.SecurityContextHolderAwareRequestFilter@4840ec68, org.springframework.security.web.authentication.AnonymousAuthenticationFilter@4946dfde, org.springframework.security.web.session.SessionManagementFilter@7e84a52b, org.springframework.security.web.access.ExceptionTranslationFilter@c14bbab, org.springframework.security.web.access.intercept.AuthorizationFilter@152dbf8e]
04-11-2025 15:40:01.117 [main] INFO  o.s.b.w.e.tomcat.TomcatWebServer.start - Tomcat started on port 8889 (http) with context path ''
04-11-2025 15:40:01.125 [main] INFO  com.tnh.kiosk.KioskApplication.logStarted - Started KioskApplication in 4.319 seconds (process running for 4.874)
04-11-2025 15:40:01.129 [main] INFO  com.tnh.kiosk.KioskApplication.logApplicationStartup - ----------------------------------------------------------
	Application 'tnh-kios-api' is running! Access URLs:
	Local: 	http://localhost:8889/
	External: 	http://localhost:8889/
	Profile(s): 	[kiosk, qrinfo, payment, dev]
	Startup time: 2ms
	JVM Version: 21.0.8
----------------------------------------------------------
04-11-2025 15:55:38.115 [SpringApplicationShutdownHook] INFO  com.zaxxer.hikari.HikariDataSource.close - HikariPool-1 - Shutdown initiated...
04-11-2025 15:55:38.121 [SpringApplicationShutdownHook] INFO  com.zaxxer.hikari.HikariDataSource.close - HikariPool-1 - Shutdown completed.
04-11-2025 15:55:53.948 [main] INFO  com.tnh.kiosk.KioskApplication.logStarting - Starting KioskApplication using Java 21.0.8 with PID 24168 (D:\Work\17.SchoolCamera\api\kiosk_ytgd\target\classes started by tainv in D:\Work\17.SchoolCamera\api\kiosk_ytgd)
04-11-2025 15:55:53.950 [main] INFO  com.tnh.kiosk.KioskApplication.logStartupProfileInfo - The following 4 profiles are active: "kiosk", "qrinfo", "payment", "dev"
04-11-2025 15:55:54.958 [main] INFO  o.s.b.w.e.tomcat.TomcatWebServer.initialize - Tomcat initialized with port 8889 (http)
04-11-2025 15:55:54.975 [main] INFO  o.a.catalina.core.StandardService.log - Starting service [Tomcat]
04-11-2025 15:55:54.975 [main] INFO  o.a.catalina.core.StandardEngine.log - Starting Servlet engine: [Apache Tomcat/10.1.16]
04-11-2025 15:55:55.020 [main] INFO  o.a.c.c.C.[Tomcat].[localhost].[/].log - Initializing Spring embedded WebApplicationContext
04-11-2025 15:55:55.021 [main] INFO  o.s.b.w.s.c.ServletWebServerApplicationContext.prepareWebApplicationContext - Root WebApplicationContext: initialization completed in 1036 ms
04-11-2025 15:55:55.217 [main] DEBUG o.s.jdbc.datasource.DataSourceUtils.doGetConnection - Fetching JDBC Connection from DataSource
04-11-2025 15:55:55.219 [main] INFO  com.zaxxer.hikari.HikariDataSource.getConnection - HikariPool-1 - Starting...
04-11-2025 15:55:55.451 [main] INFO  com.zaxxer.hikari.pool.HikariPool.checkFailFast - HikariPool-1 - Added connection ConnectionID:1 ClientConnectionId: cd549873-1750-40e8-8f13-26e1e7800bad
04-11-2025 15:55:55.453 [main] INFO  com.zaxxer.hikari.HikariDataSource.getConnection - HikariPool-1 - Start completed.
04-11-2025 15:55:56.159 [main] WARN  o.s.b.a.o.j.JpaBaseConfiguration$JpaWebConfiguration.openEntityManagerInViewInterceptor - spring.jpa.open-in-view is enabled by default. Therefore, database queries may be performed during view rendering. Explicitly configure spring.jpa.open-in-view to disable this warning
04-11-2025 15:55:56.214 [main] WARN  o.s.b.a.s.s.UserDetailsServiceAutoConfiguration.getOrDeducePassword - 

Using generated security password: 05ff1dca-890c-49ca-9931-1cedbd47a677

This generated password is for development use only. Your security configuration must be updated before running your application in production.

04-11-2025 15:55:56.403 [main] INFO  o.s.s.web.DefaultSecurityFilterChain.<init> - Will secure any request with [org.springframework.security.web.session.DisableEncodeUrlFilter@1ea19c97, org.springframework.security.web.context.request.async.WebAsyncManagerIntegrationFilter@525b9df4, org.springframework.security.web.context.SecurityContextHolderFilter@61503d00, org.springframework.security.web.header.HeaderWriterFilter@1774c4e2, org.springframework.web.filter.CorsFilter@52dd1be2, org.springframework.security.web.authentication.logout.LogoutFilter@556a6320, com.tnh.kiosk.security.JwtAuthFilter@44592c39, org.springframework.security.web.savedrequest.RequestCacheAwareFilter@3ebc6d8b, org.springframework.security.web.servletapi.SecurityContextHolderAwareRequestFilter@1eab0700, org.springframework.security.web.authentication.AnonymousAuthenticationFilter@36857d32, org.springframework.security.web.session.SessionManagementFilter@169d1f92, org.springframework.security.web.access.ExceptionTranslationFilter@76208b80, org.springframework.security.web.access.intercept.AuthorizationFilter@7d563c13]
04-11-2025 15:55:56.656 [main] INFO  o.s.b.w.e.tomcat.TomcatWebServer.start - Tomcat started on port 8889 (http) with context path ''
04-11-2025 15:55:56.662 [main] INFO  com.tnh.kiosk.KioskApplication.logStarted - Started KioskApplication in 3.187 seconds (process running for 3.467)
04-11-2025 15:55:56.664 [main] INFO  com.tnh.kiosk.KioskApplication.logApplicationStartup - ----------------------------------------------------------
	Application 'tnh-kios-api' is running! Access URLs:
	Local: 	http://localhost:8889/
	External: 	http://localhost:8889/
	Profile(s): 	[kiosk, qrinfo, payment, dev]
	Startup time: 1ms
	JVM Version: 21.0.8
----------------------------------------------------------
04-11-2025 15:56:01.741 [http-nio-127.0.0.1-8889-exec-1] INFO  o.a.c.c.C.[Tomcat].[localhost].[/].log - Initializing Spring DispatcherServlet 'dispatcherServlet'
04-11-2025 15:56:01.741 [http-nio-127.0.0.1-8889-exec-1] INFO  o.s.web.servlet.DispatcherServlet.initServletBean - Initializing Servlet 'dispatcherServlet'
04-11-2025 15:56:01.742 [http-nio-127.0.0.1-8889-exec-1] INFO  o.s.web.servlet.DispatcherServlet.initServletBean - Completed initialization in 1 ms
04-11-2025 15:56:01.751 [http-nio-127.0.0.1-8889-exec-1] WARN  o.s.w.s.h.HandlerMappingIntrospector.logCacheMiss - Cache miss for REQUEST dispatch to '/api/v1/authen/login' (previous null). Performing CorsConfiguration lookup. This is logged once only at WARN level, and every time at TRACE.
04-11-2025 15:56:01.760 [http-nio-127.0.0.1-8889-exec-1] WARN  o.s.w.s.h.HandlerMappingIntrospector.logCacheMiss - Cache miss for REQUEST dispatch to '/api/v1/authen/login' (previous null). Performing MatchableHandlerMapping lookup. This is logged once only at WARN level, and every time at TRACE.
04-11-2025 15:57:21.421 [http-nio-127.0.0.1-8889-exec-5] INFO  com.tnh.kiosk.services.KioskService.executeProcedure - Executing stored procedure with key: generator and params: {danTocId=01, denNgayTheBhyt=2025-12-31, diaChi=N'Cụm 7, Duyên Thái, Thường Tín, Hà Nội', diaChiTheBhyt=N'Phường Phúc Xá, Quận Ba Đình, Thành phố Hà Nội', dichVuId=102297601, doiTuong=2, gioiTinh=1, hinhThucChuyenTuyen=1, khuVucId=1000000, KhuVucSongBhyt=1, loaiDungTuyen=1, lyDoChuyenTuyen=1, lyDoVaoVien=Bị ho, sốt, maNb=2307000280, maNoiDKBD=01003, maTheBhyt=HT2010128302180, nbDichVu=0, ngayBhytNamNam=05/05/2024, ngayChuyenTuyen=01/01/2024, ngaySinh=1990-01-01, ngheNghiepId=884, noiChuyen=01008, phongId=135, quanHuyenId=1000775, soCanCuoc=001095039679, soChuyenTuyen=01/GCN/2024, soDienThoai=0986345342, tenICDChanDoanTuyenDuoi=N'A00.0-Bệnh tả do Vibrio cholerae 01, typ sinh học cholerae;A00.1-Bệnh tả do Vibrio cholerae 01, typ sinh học eltor;A01.1-Bệnh phó thương hàn A', tenNb=N'NGUYỄN THỊ A', tinhThanhPhoId=1000245, tuNgayTheBhyt=2021-01-01, uuTien=0, xaPhuongId=1008831}
04-11-2025 15:57:48.679 [SpringApplicationShutdownHook] INFO  com.zaxxer.hikari.HikariDataSource.close - HikariPool-1 - Shutdown initiated...
04-11-2025 15:57:48.682 [SpringApplicationShutdownHook] INFO  com.zaxxer.hikari.HikariDataSource.close - HikariPool-1 - Shutdown completed.
04-11-2025 15:58:07.258 [main] INFO  com.tnh.kiosk.KioskApplication.logStarting - Starting KioskApplication using Java 21.0.8 with PID 13656 (D:\Work\17.SchoolCamera\api\kiosk_ytgd\target\classes started by tainv in D:\Work\17.SchoolCamera\api\kiosk_ytgd)
04-11-2025 15:58:07.261 [main] INFO  com.tnh.kiosk.KioskApplication.logStartupProfileInfo - The following 4 profiles are active: "kiosk", "qrinfo", "payment", "dev"
04-11-2025 15:58:08.258 [main] INFO  o.s.b.w.e.tomcat.TomcatWebServer.initialize - Tomcat initialized with port 8889 (http)
04-11-2025 15:58:08.265 [main] INFO  o.a.catalina.core.StandardService.log - Starting service [Tomcat]
04-11-2025 15:58:08.266 [main] INFO  o.a.catalina.core.StandardEngine.log - Starting Servlet engine: [Apache Tomcat/10.1.16]
04-11-2025 15:58:08.319 [main] INFO  o.a.c.c.C.[Tomcat].[localhost].[/].log - Initializing Spring embedded WebApplicationContext
04-11-2025 15:58:08.319 [main] INFO  o.s.b.w.s.c.ServletWebServerApplicationContext.prepareWebApplicationContext - Root WebApplicationContext: initialization completed in 1022 ms
04-11-2025 15:58:08.517 [main] DEBUG o.s.jdbc.datasource.DataSourceUtils.doGetConnection - Fetching JDBC Connection from DataSource
04-11-2025 15:58:08.518 [main] INFO  com.zaxxer.hikari.HikariDataSource.getConnection - HikariPool-1 - Starting...
04-11-2025 15:58:08.767 [main] INFO  com.zaxxer.hikari.pool.HikariPool.checkFailFast - HikariPool-1 - Added connection ConnectionID:1 ClientConnectionId: 3b6f6110-01dd-4f87-a397-7f5d52b02856
04-11-2025 15:58:08.768 [main] INFO  com.zaxxer.hikari.HikariDataSource.getConnection - HikariPool-1 - Start completed.
04-11-2025 15:58:09.477 [main] WARN  o.s.b.a.o.j.JpaBaseConfiguration$JpaWebConfiguration.openEntityManagerInViewInterceptor - spring.jpa.open-in-view is enabled by default. Therefore, database queries may be performed during view rendering. Explicitly configure spring.jpa.open-in-view to disable this warning
04-11-2025 15:58:09.526 [main] WARN  o.s.b.a.s.s.UserDetailsServiceAutoConfiguration.getOrDeducePassword - 

Using generated security password: b7cb3eb4-6db6-4f60-9292-6b5a3bcffc1d

This generated password is for development use only. Your security configuration must be updated before running your application in production.

04-11-2025 15:58:09.719 [main] INFO  o.s.s.web.DefaultSecurityFilterChain.<init> - Will secure any request with [org.springframework.security.web.session.DisableEncodeUrlFilter@530df3ab, org.springframework.security.web.context.request.async.WebAsyncManagerIntegrationFilter@5e72c82a, org.springframework.security.web.context.SecurityContextHolderFilter@478fe415, org.springframework.security.web.header.HeaderWriterFilter@7512a9a6, org.springframework.web.filter.CorsFilter@aaa7000, org.springframework.security.web.authentication.logout.LogoutFilter@7d563c13, com.tnh.kiosk.security.JwtAuthFilter@34d480b9, org.springframework.security.web.savedrequest.RequestCacheAwareFilter@31028e45, org.springframework.security.web.servletapi.SecurityContextHolderAwareRequestFilter@68f75a35, org.springframework.security.web.authentication.AnonymousAuthenticationFilter@64fba3e6, org.springframework.security.web.session.SessionManagementFilter@5b80b41d, org.springframework.security.web.access.ExceptionTranslationFilter@37cc6017, org.springframework.security.web.access.intercept.AuthorizationFilter@57ab4b33]
04-11-2025 15:58:09.969 [main] INFO  o.s.b.w.e.tomcat.TomcatWebServer.start - Tomcat started on port 8889 (http) with context path ''
04-11-2025 15:58:09.975 [main] INFO  com.tnh.kiosk.KioskApplication.logStarted - Started KioskApplication in 3.145 seconds (process running for 3.409)
04-11-2025 15:58:09.978 [main] INFO  com.tnh.kiosk.KioskApplication.logApplicationStartup - ----------------------------------------------------------
	Application 'tnh-kios-api' is running! Access URLs:
	Local: 	http://localhost:8889/
	External: 	http://localhost:8889/
	Profile(s): 	[kiosk, qrinfo, payment, dev]
	Startup time: 2ms
	JVM Version: 21.0.8
----------------------------------------------------------
04-11-2025 15:58:12.217 [http-nio-127.0.0.1-8889-exec-1] INFO  o.a.c.c.C.[Tomcat].[localhost].[/].log - Initializing Spring DispatcherServlet 'dispatcherServlet'
04-11-2025 15:58:12.218 [http-nio-127.0.0.1-8889-exec-1] INFO  o.s.web.servlet.DispatcherServlet.initServletBean - Initializing Servlet 'dispatcherServlet'
04-11-2025 15:58:12.219 [http-nio-127.0.0.1-8889-exec-1] INFO  o.s.web.servlet.DispatcherServlet.initServletBean - Completed initialization in 1 ms
04-11-2025 15:58:12.226 [http-nio-127.0.0.1-8889-exec-1] WARN  o.s.w.s.h.HandlerMappingIntrospector.logCacheMiss - Cache miss for REQUEST dispatch to '/api/v1/his/generator' (previous null). Performing CorsConfiguration lookup. This is logged once only at WARN level, and every time at TRACE.
04-11-2025 15:58:12.278 [http-nio-127.0.0.1-8889-exec-1] WARN  o.s.w.s.h.HandlerMappingIntrospector.logCacheMiss - Cache miss for REQUEST dispatch to '/api/v1/his/generator' (previous null). Performing MatchableHandlerMapping lookup. This is logged once only at WARN level, and every time at TRACE.
04-11-2025 15:58:12.331 [http-nio-127.0.0.1-8889-exec-1] INFO  com.tnh.kiosk.services.KioskService.executeProcedure - Executing stored procedure with key: generator and params: {danTocId=01, denNgayTheBhyt=2025-12-31, diaChi=N'Cụm 7, Duyên Thái, Thường Tín, Hà Nội', diaChiTheBhyt=N'Phường Phúc Xá, Quận Ba Đình, Thành phố Hà Nội', dichVuId=102297601, doiTuong=2, gioiTinh=1, hinhThucChuyenTuyen=1, khuVucId=1000000, KhuVucSongBhyt=1, loaiDungTuyen=1, lyDoChuyenTuyen=1, lyDoVaoVien=Bị ho, sốt, maNb=2307000280, maNoiDKBD=01003, maTheBhyt=HT2010128302180, nbDichVu=0, ngayBhytNamNam=05/05/2024, ngayChuyenTuyen=01/01/2024, ngaySinh=1990-01-01, ngheNghiepId=884, noiChuyen=01008, phongId=135, quanHuyenId=1000775, soCanCuoc=001095039679, soChuyenTuyen=01/GCN/2024, soDienThoai=0986345342, tenICDChanDoanTuyenDuoi=N'A00.0-Bệnh tả do Vibrio cholerae 01, typ sinh học cholerae;A00.1-Bệnh tả do Vibrio cholerae 01, typ sinh học eltor;A01.1-Bệnh phó thương hàn A', tenNb=N'NGUYỄN THỊ A', tinhThanhPhoId=1000245, tuNgayTheBhyt=2021-01-01, uuTien=0, xaPhuongId=1008831}
04-11-2025 15:58:29.568 [SpringApplicationShutdownHook] INFO  com.zaxxer.hikari.HikariDataSource.close - HikariPool-1 - Shutdown initiated...
04-11-2025 15:58:29.571 [SpringApplicationShutdownHook] INFO  com.zaxxer.hikari.HikariDataSource.close - HikariPool-1 - Shutdown completed.
04-11-2025 16:28:18.879 [main] INFO  com.tnh.kiosk.KioskApplication.logStarting - Starting KioskApplication using Java 21.0.8 with PID 22736 (D:\Work\17.SchoolCamera\api\kiosk_ytgd\target\classes started by tainv in D:\Work\17.SchoolCamera\api\kiosk_ytgd)
04-11-2025 16:28:18.881 [main] INFO  com.tnh.kiosk.KioskApplication.logStartupProfileInfo - The following 4 profiles are active: "kiosk", "qrinfo", "payment", "dev"
04-11-2025 16:28:19.993 [main] INFO  o.s.b.w.e.tomcat.TomcatWebServer.initialize - Tomcat initialized with port 8889 (http)
04-11-2025 16:28:20.002 [main] INFO  o.a.catalina.core.StandardService.log - Starting service [Tomcat]
04-11-2025 16:28:20.002 [main] INFO  o.a.catalina.core.StandardEngine.log - Starting Servlet engine: [Apache Tomcat/10.1.16]
04-11-2025 16:28:20.062 [main] INFO  o.a.c.c.C.[Tomcat].[localhost].[/].log - Initializing Spring embedded WebApplicationContext
04-11-2025 16:28:20.063 [main] INFO  o.s.b.w.s.c.ServletWebServerApplicationContext.prepareWebApplicationContext - Root WebApplicationContext: initialization completed in 1146 ms
04-11-2025 16:28:20.299 [main] DEBUG o.s.jdbc.datasource.DataSourceUtils.doGetConnection - Fetching JDBC Connection from DataSource
04-11-2025 16:28:20.300 [main] INFO  com.zaxxer.hikari.HikariDataSource.getConnection - HikariPool-1 - Starting...
04-11-2025 16:28:20.543 [main] INFO  com.zaxxer.hikari.pool.HikariPool.checkFailFast - HikariPool-1 - Added connection ConnectionID:1 ClientConnectionId: 9b8fe2ea-7903-4ce6-9bc1-ef452b5e35d0
04-11-2025 16:28:20.545 [main] INFO  com.zaxxer.hikari.HikariDataSource.getConnection - HikariPool-1 - Start completed.
04-11-2025 16:28:21.281 [main] WARN  o.s.b.a.o.j.JpaBaseConfiguration$JpaWebConfiguration.openEntityManagerInViewInterceptor - spring.jpa.open-in-view is enabled by default. Therefore, database queries may be performed during view rendering. Explicitly configure spring.jpa.open-in-view to disable this warning
04-11-2025 16:28:21.344 [main] WARN  o.s.b.a.s.s.UserDetailsServiceAutoConfiguration.getOrDeducePassword - 

Using generated security password: 8e14dd78-1253-4782-866e-d88b6ce75492

This generated password is for development use only. Your security configuration must be updated before running your application in production.

04-11-2025 16:28:21.551 [main] INFO  o.s.s.web.DefaultSecurityFilterChain.<init> - Will secure any request with [org.springframework.security.web.session.DisableEncodeUrlFilter@1ea19c97, org.springframework.security.web.context.request.async.WebAsyncManagerIntegrationFilter@525b9df4, org.springframework.security.web.context.SecurityContextHolderFilter@61503d00, org.springframework.security.web.header.HeaderWriterFilter@1774c4e2, org.springframework.web.filter.CorsFilter@52dd1be2, org.springframework.security.web.authentication.logout.LogoutFilter@556a6320, com.tnh.kiosk.security.JwtAuthFilter@6f7a2a5, org.springframework.security.web.savedrequest.RequestCacheAwareFilter@3ebc6d8b, org.springframework.security.web.servletapi.SecurityContextHolderAwareRequestFilter@1eab0700, org.springframework.security.web.authentication.AnonymousAuthenticationFilter@36857d32, org.springframework.security.web.session.SessionManagementFilter@169d1f92, org.springframework.security.web.access.ExceptionTranslationFilter@76208b80, org.springframework.security.web.access.intercept.AuthorizationFilter@7d563c13]
04-11-2025 16:28:21.807 [main] INFO  o.s.b.w.e.tomcat.TomcatWebServer.start - Tomcat started on port 8889 (http) with context path ''
04-11-2025 16:28:21.813 [main] INFO  com.tnh.kiosk.KioskApplication.logStarted - Started KioskApplication in 3.412 seconds (process running for 3.688)
04-11-2025 16:28:21.815 [main] INFO  com.tnh.kiosk.KioskApplication.logApplicationStartup - ----------------------------------------------------------
	Application 'tnh-kios-api' is running! Access URLs:
	Local: 	http://localhost:8889/
	External: 	http://localhost:8889/
	Profile(s): 	[kiosk, qrinfo, payment, dev]
	Startup time: 2ms
	JVM Version: 21.0.8
----------------------------------------------------------
04-11-2025 16:28:40.841 [http-nio-127.0.0.1-8889-exec-1] INFO  o.a.c.c.C.[Tomcat].[localhost].[/].log - Initializing Spring DispatcherServlet 'dispatcherServlet'
04-11-2025 16:28:40.842 [http-nio-127.0.0.1-8889-exec-1] INFO  o.s.web.servlet.DispatcherServlet.initServletBean - Initializing Servlet 'dispatcherServlet'
04-11-2025 16:28:40.843 [http-nio-127.0.0.1-8889-exec-1] INFO  o.s.web.servlet.DispatcherServlet.initServletBean - Completed initialization in 1 ms
04-11-2025 16:28:40.851 [http-nio-127.0.0.1-8889-exec-1] WARN  o.s.w.s.h.HandlerMappingIntrospector.logCacheMiss - Cache miss for REQUEST dispatch to '/api/v1/authen/login' (previous null). Performing CorsConfiguration lookup. This is logged once only at WARN level, and every time at TRACE.
04-11-2025 16:28:40.860 [http-nio-127.0.0.1-8889-exec-1] WARN  o.s.w.s.h.HandlerMappingIntrospector.logCacheMiss - Cache miss for REQUEST dispatch to '/api/v1/authen/login' (previous null). Performing MatchableHandlerMapping lookup. This is logged once only at WARN level, and every time at TRACE.
04-11-2025 16:28:50.630 [http-nio-127.0.0.1-8889-exec-3] INFO  com.tnh.kiosk.services.KioskService.executeProcedure - Executing stored procedure with key: get-commune and params: {MA_TINH_THANH=01}
04-11-2025 16:29:11.111 [http-nio-127.0.0.1-8889-exec-7] INFO  com.tnh.kiosk.services.KioskService.executeProcedure - Executing stored procedure with key: career and params: {page=0, size=10}
04-11-2025 16:33:28.109 [http-nio-127.0.0.1-8889-exec-4] INFO  com.tnh.kiosk.services.KioskService.executeProcedure - Executing stored procedure with key: generator and params: {danTocId=01, denNgayTheBhyt=2025-12-31, diaChi=N'Cụm 7, Duyên Thái, Thường Tín, Hà Nội', diaChiTheBhyt=N'Phường Phúc Xá, Quận Ba Đình, Thành phố Hà Nội', dichVuId=102297601, doiTuong=2, gioiTinh=1, hinhThucChuyenTuyen=1, khuVucId=1000000, KhuVucSongBhyt=1, loaiDungTuyen=1, lyDoChuyenTuyen=1, lyDoVaoVien=Bị ho, sốt, maNb=2307000280, maNoiDKBD=01003, maTheBhyt=HT2010128302180, nbDichVu=0, ngayBhytNamNam=05/05/2024, ngayChuyenTuyen=01/01/2024, ngaySinh=1990-01-01, ngheNghiepId=884, noiChuyen=01008, phongId=135, quanHuyenId=1000775, soCanCuoc=001095039679, soChuyenTuyen=01/GCN/2024, soDienThoai=0986345342, tenICDChanDoanTuyenDuoi=N'A00.0-Bệnh tả do Vibrio cholerae 01, typ sinh học cholerae;A00.1-Bệnh tả do Vibrio cholerae 01, typ sinh học eltor;A01.1-Bệnh phó thương hàn A', tenNb=N'NGUYỄN THỊ A', tinhThanhPhoId=1000245, tuNgayTheBhyt=2021-01-01, uuTien=0, xaPhuongId=1008831}
04-11-2025 16:40:55.423 [http-nio-127.0.0.1-8889-exec-10] INFO  com.tnh.kiosk.services.KioskService.executeProcedure - Executing stored procedure with key: career and params: {page=0, size=10}
04-11-2025 16:41:24.623 [http-nio-127.0.0.1-8889-exec-10] WARN  com.zaxxer.hikari.pool.PoolBase.isConnectionDead - HikariPool-1 - Failed to validate connection ConnectionID:1 (The connection is closed.). Possibly consider using a shorter maxLifetime value.
04-11-2025 16:41:45.816 [http-nio-127.0.0.1-8889-exec-10] WARN  o.h.e.jdbc.spi.SqlExceptionHelper.logExceptions - SQL Error: 0, SQLState: 08S01
04-11-2025 16:41:45.817 [http-nio-127.0.0.1-8889-exec-10] ERROR o.h.e.jdbc.spi.SqlExceptionHelper.logExceptions - HikariPool-1 - Connection is not available, request timed out after 50388ms.
04-11-2025 16:41:45.817 [http-nio-127.0.0.1-8889-exec-10] ERROR o.h.e.jdbc.spi.SqlExceptionHelper.logExceptions - The connection is closed.
04-11-2025 16:41:45.826 [http-nio-127.0.0.1-8889-exec-10] ERROR o.a.c.c.C.[.[.[.[dispatcherServlet].log - Servlet.service() for servlet [dispatcherServlet] in context with path [] threw exception [Request processing failed: org.springframework.dao.DataAccessResourceFailureException: Unable to acquire JDBC Connection [HikariPool-1 - Connection is not available, request timed out after 50388ms.] [n/a]] with root cause
com.microsoft.sqlserver.jdbc.SQLServerException: The connection is closed.
	at com.microsoft.sqlserver.jdbc.SQLServerException.makeFromDriverError(SQLServerException.java:237)
	at com.microsoft.sqlserver.jdbc.SQLServerConnection.checkClosed(SQLServerConnection.java:1555)
	at com.microsoft.sqlserver.jdbc.SQLServerConnection.setNetworkTimeout(SQLServerConnection.java:6648)
	at com.zaxxer.hikari.pool.PoolBase.setNetworkTimeout(PoolBase.java:561)
	at com.zaxxer.hikari.pool.PoolBase.isConnectionDead(PoolBase.java:168)
	at com.zaxxer.hikari.pool.HikariPool.getConnection(HikariPool.java:170)
	at com.zaxxer.hikari.pool.HikariPool.getConnection(HikariPool.java:146)
	at com.zaxxer.hikari.HikariDataSource.getConnection(HikariDataSource.java:128)
	at org.hibernate.engine.jdbc.connections.internal.DatasourceConnectionProviderImpl.getConnection(DatasourceConnectionProviderImpl.java:122)
	at org.hibernate.internal.NonContextualJdbcConnectionAccess.obtainConnection(NonContextualJdbcConnectionAccess.java:38)
	at org.hibernate.resource.jdbc.internal.LogicalConnectionManagedImpl.acquireConnectionIfNeeded(LogicalConnectionManagedImpl.java:113)
	at org.hibernate.resource.jdbc.internal.LogicalConnectionManagedImpl.getPhysicalConnection(LogicalConnectionManagedImpl.java:143)
	at org.hibernate.engine.jdbc.internal.StatementPreparerImpl.connection(StatementPreparerImpl.java:51)
	at org.hibernate.engine.jdbc.internal.StatementPreparerImpl$1.doPrepare(StatementPreparerImpl.java:90)
	at org.hibernate.engine.jdbc.internal.StatementPreparerImpl$StatementPreparationTemplate.prepareStatement(StatementPreparerImpl.java:177)
	at org.hibernate.engine.jdbc.internal.StatementPreparerImpl.prepareStatement(StatementPreparerImpl.java:82)
	at org.hibernate.procedure.internal.ProcedureCallImpl.buildOutputs(ProcedureCallImpl.java:656)
	at org.hibernate.procedure.internal.ProcedureCallImpl.getOutputs(ProcedureCallImpl.java:605)
	at org.hibernate.procedure.internal.ProcedureCallImpl.outputs(ProcedureCallImpl.java:858)
	at org.hibernate.procedure.internal.ProcedureCallImpl.execute(ProcedureCallImpl.java:842)
	at com.tnh.kiosk.repositories.StoredProcedureRepository.callProcedure(StoredProcedureRepository.java:58)
	at java.base/jdk.internal.reflect.DirectMethodHandleAccessor.invoke(DirectMethodHandleAccessor.java:103)
	at java.base/java.lang.reflect.Method.invoke(Method.java:580)
	at org.springframework.aop.support.AopUtils.invokeJoinpointUsingReflection(AopUtils.java:352)
	at org.springframework.aop.framework.ReflectiveMethodInvocation.invokeJoinpoint(ReflectiveMethodInvocation.java:196)
	at org.springframework.aop.framework.ReflectiveMethodInvocation.proceed(ReflectiveMethodInvocation.java:163)
	at org.springframework.aop.framework.CglibAopProxy$CglibMethodInvocation.proceed(CglibAopProxy.java:765)
	at org.springframework.dao.support.PersistenceExceptionTranslationInterceptor.invoke(PersistenceExceptionTranslationInterceptor.java:137)
	at org.springframework.aop.framework.ReflectiveMethodInvocation.proceed(ReflectiveMethodInvocation.java:184)
	at org.springframework.aop.framework.CglibAopProxy$CglibMethodInvocation.proceed(CglibAopProxy.java:765)
	at org.springframework.aop.framework.CglibAopProxy$DynamicAdvisedInterceptor.intercept(CglibAopProxy.java:717)
	at com.tnh.kiosk.repositories.StoredProcedureRepository$$SpringCGLIB$$0.callProcedure(<generated>)
	at com.tnh.kiosk.services.KioskService.executeProcedure(KioskService.java:62)
	at com.tnh.kiosk.controllers.KioskController.getCareer(KioskController.java:391)
	at java.base/jdk.internal.reflect.DirectMethodHandleAccessor.invoke(DirectMethodHandleAccessor.java:103)
	at java.base/java.lang.reflect.Method.invoke(Method.java:580)
	at org.springframework.web.method.support.InvocableHandlerMethod.doInvoke(InvocableHandlerMethod.java:254)
	at org.springframework.web.method.support.InvocableHandlerMethod.invokeForRequest(InvocableHandlerMethod.java:182)
	at org.springframework.web.servlet.mvc.method.annotation.ServletInvocableHandlerMethod.invokeAndHandle(ServletInvocableHandlerMethod.java:118)
	at org.springframework.web.servlet.mvc.method.annotation.RequestMappingHandlerAdapter.invokeHandlerMethod(RequestMappingHandlerAdapter.java:917)
	at org.springframework.web.servlet.mvc.method.annotation.RequestMappingHandlerAdapter.handleInternal(RequestMappingHandlerAdapter.java:829)
	at org.springframework.web.servlet.mvc.method.AbstractHandlerMethodAdapter.handle(AbstractHandlerMethodAdapter.java:87)
	at org.springframework.web.servlet.DispatcherServlet.doDispatch(DispatcherServlet.java:1089)
	at org.springframework.web.servlet.DispatcherServlet.doService(DispatcherServlet.java:979)
	at org.springframework.web.servlet.FrameworkServlet.processRequest(FrameworkServlet.java:1014)
	at org.springframework.web.servlet.FrameworkServlet.doGet(FrameworkServlet.java:903)
	at jakarta.servlet.http.HttpServlet.service(HttpServlet.java:564)
	at org.springframework.web.servlet.FrameworkServlet.service(FrameworkServlet.java:885)
	at jakarta.servlet.http.HttpServlet.service(HttpServlet.java:658)
	at org.apache.catalina.core.ApplicationFilterChain.internalDoFilter(ApplicationFilterChain.java:205)
	at org.apache.catalina.core.ApplicationFilterChain.doFilter(ApplicationFilterChain.java:149)
	at org.apache.tomcat.websocket.server.WsFilter.doFilter(WsFilter.java:51)
	at org.apache.catalina.core.ApplicationFilterChain.internalDoFilter(ApplicationFilterChain.java:174)
	at org.apache.catalina.core.ApplicationFilterChain.doFilter(ApplicationFilterChain.java:149)
	at org.springframework.web.filter.OncePerRequestFilter.doFilter(OncePerRequestFilter.java:110)
	at org.apache.catalina.core.ApplicationFilterChain.internalDoFilter(ApplicationFilterChain.java:174)
	at org.apache.catalina.core.ApplicationFilterChain.doFilter(ApplicationFilterChain.java:149)
	at org.springframework.security.web.FilterChainProxy.lambda$doFilterInternal$3(FilterChainProxy.java:231)
	at org.springframework.security.web.FilterChainProxy$VirtualFilterChain.doFilter(FilterChainProxy.java:365)
	at org.springframework.security.web.access.intercept.AuthorizationFilter.doFilter(AuthorizationFilter.java:100)
	at org.springframework.security.web.FilterChainProxy$VirtualFilterChain.doFilter(FilterChainProxy.java:374)
	at org.springframework.security.web.access.ExceptionTranslationFilter.doFilter(ExceptionTranslationFilter.java:126)
	at org.springframework.security.web.access.ExceptionTranslationFilter.doFilter(ExceptionTranslationFilter.java:120)
	at org.springframework.security.web.FilterChainProxy$VirtualFilterChain.doFilter(FilterChainProxy.java:374)
	at org.springframework.security.web.session.SessionManagementFilter.doFilter(SessionManagementFilter.java:131)
	at org.springframework.security.web.session.SessionManagementFilter.doFilter(SessionManagementFilter.java:85)
	at org.springframework.security.web.FilterChainProxy$VirtualFilterChain.doFilter(FilterChainProxy.java:374)
	at org.springframework.security.web.authentication.AnonymousAuthenticationFilter.doFilter(AnonymousAuthenticationFilter.java:100)
	at org.springframework.security.web.FilterChainProxy$VirtualFilterChain.doFilter(FilterChainProxy.java:374)
	at org.springframework.security.web.servletapi.SecurityContextHolderAwareRequestFilter.doFilter(SecurityContextHolderAwareRequestFilter.java:179)
	at org.springframework.security.web.FilterChainProxy$VirtualFilterChain.doFilter(FilterChainProxy.java:374)
	at org.springframework.security.web.savedrequest.RequestCacheAwareFilter.doFilter(RequestCacheAwareFilter.java:63)
	at org.springframework.security.web.FilterChainProxy$VirtualFilterChain.doFilter(FilterChainProxy.java:374)
	at com.tnh.kiosk.security.JwtAuthFilter.doFilterInternal(JwtAuthFilter.java:82)
	at org.springframework.web.filter.OncePerRequestFilter.doFilter(OncePerRequestFilter.java:116)
	at org.springframework.security.web.FilterChainProxy$VirtualFilterChain.doFilter(FilterChainProxy.java:374)
	at org.springframework.security.web.authentication.logout.LogoutFilter.doFilter(LogoutFilter.java:107)
	at org.springframework.security.web.authentication.logout.LogoutFilter.doFilter(LogoutFilter.java:93)
	at org.springframework.security.web.FilterChainProxy$VirtualFilterChain.doFilter(FilterChainProxy.java:374)
	at org.springframework.web.filter.CorsFilter.doFilterInternal(CorsFilter.java:91)
	at org.springframework.web.filter.OncePerRequestFilter.doFilter(OncePerRequestFilter.java:116)
	at org.springframework.security.web.FilterChainProxy$VirtualFilterChain.doFilter(FilterChainProxy.java:374)
	at org.springframework.security.web.header.HeaderWriterFilter.doHeadersAfter(HeaderWriterFilter.java:90)
	at org.springframework.security.web.header.HeaderWriterFilter.doFilterInternal(HeaderWriterFilter.java:75)
	at org.springframework.web.filter.OncePerRequestFilter.doFilter(OncePerRequestFilter.java:116)
	at org.springframework.security.web.FilterChainProxy$VirtualFilterChain.doFilter(FilterChainProxy.java:374)
	at org.springframework.security.web.context.SecurityContextHolderFilter.doFilter(SecurityContextHolderFilter.java:82)
	at org.springframework.security.web.context.SecurityContextHolderFilter.doFilter(SecurityContextHolderFilter.java:69)
	at org.springframework.security.web.FilterChainProxy$VirtualFilterChain.doFilter(FilterChainProxy.java:374)
	at org.springframework.security.web.context.request.async.WebAsyncManagerIntegrationFilter.doFilterInternal(WebAsyncManagerIntegrationFilter.java:62)
	at org.springframework.web.filter.OncePerRequestFilter.doFilter(OncePerRequestFilter.java:116)
	at org.springframework.security.web.FilterChainProxy$VirtualFilterChain.doFilter(FilterChainProxy.java:374)
	at org.springframework.security.web.session.DisableEncodeUrlFilter.doFilterInternal(DisableEncodeUrlFilter.java:42)
	at org.springframework.web.filter.OncePerRequestFilter.doFilter(OncePerRequestFilter.java:116)
	at org.springframework.security.web.FilterChainProxy$VirtualFilterChain.doFilter(FilterChainProxy.java:374)
	at org.springframework.security.web.FilterChainProxy.doFilterInternal(FilterChainProxy.java:233)
	at org.springframework.security.web.FilterChainProxy.doFilter(FilterChainProxy.java:191)
	at org.springframework.web.filter.DelegatingFilterProxy.invokeDelegate(DelegatingFilterProxy.java:352)
	at org.springframework.web.filter.DelegatingFilterProxy.doFilter(DelegatingFilterProxy.java:268)
	at org.apache.catalina.core.ApplicationFilterChain.internalDoFilter(ApplicationFilterChain.java:174)
	at org.apache.catalina.core.ApplicationFilterChain.doFilter(ApplicationFilterChain.java:149)
	at org.springframework.web.filter.RequestContextFilter.doFilterInternal(RequestContextFilter.java:100)
	at org.springframework.web.filter.OncePerRequestFilter.doFilter(OncePerRequestFilter.java:116)
	at org.apache.catalina.core.ApplicationFilterChain.internalDoFilter(ApplicationFilterChain.java:174)
	at org.apache.catalina.core.ApplicationFilterChain.doFilter(ApplicationFilterChain.java:149)
	at org.springframework.web.filter.FormContentFilter.doFilterInternal(FormContentFilter.java:93)
	at org.springframework.web.filter.OncePerRequestFilter.doFilter(OncePerRequestFilter.java:116)
	at org.apache.catalina.core.ApplicationFilterChain.internalDoFilter(ApplicationFilterChain.java:174)
	at org.apache.catalina.core.ApplicationFilterChain.doFilter(ApplicationFilterChain.java:149)
	at org.springframework.web.filter.CharacterEncodingFilter.doFilterInternal(CharacterEncodingFilter.java:201)
	at org.springframework.web.filter.OncePerRequestFilter.doFilter(OncePerRequestFilter.java:116)
	at org.apache.catalina.core.ApplicationFilterChain.internalDoFilter(ApplicationFilterChain.java:174)
	at org.apache.catalina.core.ApplicationFilterChain.doFilter(ApplicationFilterChain.java:149)
	at org.apache.catalina.core.StandardWrapperValve.invoke(StandardWrapperValve.java:167)
	at org.apache.catalina.core.StandardContextValve.invoke(StandardContextValve.java:90)
	at org.apache.catalina.authenticator.AuthenticatorBase.invoke(AuthenticatorBase.java:482)
	at org.apache.catalina.core.StandardHostValve.invoke(StandardHostValve.java:115)
	at org.apache.catalina.valves.ErrorReportValve.invoke(ErrorReportValve.java:93)
	at org.apache.catalina.core.StandardEngineValve.invoke(StandardEngineValve.java:74)
	at org.apache.catalina.connector.CoyoteAdapter.service(CoyoteAdapter.java:340)
	at org.apache.coyote.http11.Http11Processor.service(Http11Processor.java:391)
	at org.apache.coyote.AbstractProcessorLight.process(AbstractProcessorLight.java:63)
	at org.apache.coyote.AbstractProtocol$ConnectionHandler.process(AbstractProtocol.java:896)
	at org.apache.tomcat.util.net.NioEndpoint$SocketProcessor.doRun(NioEndpoint.java:1744)
	at org.apache.tomcat.util.net.SocketProcessorBase.run(SocketProcessorBase.java:52)
	at org.apache.tomcat.util.threads.ThreadPoolExecutor.runWorker(ThreadPoolExecutor.java:1191)
	at org.apache.tomcat.util.threads.ThreadPoolExecutor$Worker.run(ThreadPoolExecutor.java:659)
	at org.apache.tomcat.util.threads.TaskThread$WrappingRunnable.run(TaskThread.java:61)
	at java.base/java.lang.Thread.run(Thread.java:1583)
